<?xml version="1.0" encoding="UTF-8"?>
<!-- Generated by org.testng.reporters.JUnitXMLReporter -->
<testsuite hostname="DESKTOP-1FT9DHU" name="Default test" tests="4" failures="0" timestamp="17 Sep 2022 07:29:13 GMT" time="42.986" errors="0">
  <testcase name="tc1" time="2.505" classname="org.testing.DataProvide"/>
  <testcase name="tc1" time="2.733" classname="org.testing.DataProvide"/>
  <testcase name="tc1" time="2.547" classname="org.testing.DataProvide"/>
  <testcase name="tc1" time="2.499" classname="org.testing.DataProvide"/>
</testsuite> <!-- Default test -->
